<?xml version="1.0" encoding="utf-8"?><testsuites name="pytest tests"><testsuite name="pytest" errors="0" failures="0" skipped="0" tests="61" time="10.745" timestamp="2026-05-16T13:33:47.295077+00:00" hostname="agent-env-1bee4179-4134-4e04-b303-c6f14a709463"><testcase classname="backend.tests.backend_test" name="test_root" time="0.864" /><testcase classname="backend.tests.backend_test.TestAuth" name="test_register_returns_token_and_user" time="0.504" /><testcase classname="backend.tests.backend_test.TestAuth" name="test_register_duplicate_email" time="0.033" /><testcase classname="backend.tests.backend_test.TestAuth" name="test_register_duplicate_username" time="0.040" /><testcase classname="backend.tests.backend_test.TestAuth" name="test_login_demo" time="0.316" /><testcase classname="backend.tests.backend_test.TestAuth" name="test_login_wrong_password" time="0.275" /><testcase classname="backend.tests.backend_test.TestAuth" name="test_me_with_token" time="0.076" /><testcase classname="backend.tests.backend_test.TestAuth" name="test_me_without_token" time="0.070" /><testcase classname="backend.tests.backend_test.TestAuth" name="test_me_invalid_token" time="0.034" /><testcase classname="backend.tests.backend_test.TestAuth" name="test_forgot_password" time="0.035" /><testcase classname="backend.tests.backend_test.TestAuth" name="test_logout_authenticated" time="0.042" /><testcase classname="backend.tests.backend_test.TestProfile" name="test_update_username" time="0.108" /><testcase classname="backend.tests.backend_test.TestProfile" name="test_update_username_duplicate" time="0.032" /><testcase classname="backend.tests.backend_test.TestRewards" name="test_daily_claim_first_then_duplicate" time="0.077" /><testcase classname="backend.tests.backend_test.TestQuiz" name="test_quiz_questions_no_correct_index" time="0.035" /><testcase classname="backend.tests.backend_test.TestQuiz" name="test_quiz_submit_correct_vs_wrong" time="0.244" /><testcase classname="backend.tests.backend_test.TestQuiz" name="test_quiz_submit_invalid_question" time="0.035" /><testcase classname="backend.tests.backend_test.TestSpin" name="test_spin_then_rate_limited" time="0.594" /><testcase classname="backend.tests.backend_test.TestLeaderboard" name="test_leaderboard[all]" time="0.044" /><testcase classname="backend.tests.backend_test.TestLeaderboard" name="test_leaderboard[weekly]" time="0.042" /><testcase classname="backend.tests.backend_test.TestLeaderboard" name="test_leaderboard[monthly]" time="0.035" /><testcase classname="backend.tests.test_phase2.TestTap" name="test_tap_submit_awards_and_new_best" time="0.412" /><testcase classname="backend.tests.test_phase2.TestTap" name="test_tap_submit_not_new_best_when_lower" time="0.036" /><testcase classname="backend.tests.test_phase2.TestTap" name="test_tap_anti_cheat_clamp" time="0.042" /><testcase classname="backend.tests.test_phase2.TestTap" name="test_tap_requires_auth" time="0.071" /><testcase classname="backend.tests.test_phase2.TestMissions" name="test_missions_list_returns_four" time="0.351" /><testcase classname="backend.tests.test_phase2.TestMissions" name="test_quiz_submit_increments_play_quiz_3" time="0.169" /><testcase classname="backend.tests.test_phase2.TestMissions" name="test_daily_claim_sets_mission" time="0.085" /><testcase classname="backend.tests.test_phase2.TestMissions" name="test_tap_submit_sets_tap_100" time="0.126" /><testcase classname="backend.tests.test_phase2.TestMissions" name="test_claim_incomplete_returns_400" time="0.040" /><testcase classname="backend.tests.test_phase2.TestMissions" name="test_claim_unknown_key_404" time="0.043" /><testcase classname="backend.tests.test_phase2.TestMissions" name="test_claim_daily_complete_then_double_claim" time="0.778" /><testcase classname="backend.tests.test_phase2.TestMissions" name="test_claim_tap_100_when_complete" time="0.088" /><testcase classname="backend.tests.test_phase2.TestChat" name="test_get_chat_requires_auth" time="0.107" /><testcase classname="backend.tests.test_phase2.TestChat" name="test_get_chat_sorted_oldest_first" time="0.041" /><testcase classname="backend.tests.test_phase2.TestChat" name="test_send_chat_message_persists" time="0.082" /><testcase classname="backend.tests.test_phase2.TestChat" name="test_send_empty_chat_returns_422" time="0.033" /><testcase classname="backend.tests.test_phase2.TestLeaderboardWindows" name="test_weekly_contains_recent_earner" time="0.034" /><testcase classname="backend.tests.test_phase2.TestLeaderboardWindows" name="test_monthly_returns_list" time="0.033" /><testcase classname="backend.tests.test_phase2.TestLeaderboardWindows" name="test_all_still_uses_user_xp" time="0.038" /><testcase classname="backend.tests.test_phase4_admin_ads.TestAdminLogin" name="test_admin_login_returns_is_admin_true" time="0.364" /><testcase classname="backend.tests.test_phase4_admin_ads.TestAdminLogin" name="test_demo_login_is_not_admin" time="0.289" /><testcase classname="backend.tests.test_phase4_admin_ads.TestAdminUsers" name="test_admin_can_list_users" time="0.048" /><testcase classname="backend.tests.test_phase4_admin_ads.TestAdminUsers" name="test_non_admin_blocked_403" time="0.048" /><testcase classname="backend.tests.test_phase4_admin_ads.TestAdminUsers" name="test_no_auth_returns_401" time="0.079" /><testcase classname="backend.tests.test_phase4_admin_ads.TestAdminGrant" name="test_grant_xp_and_coins" time="0.599" /><testcase classname="backend.tests.test_phase4_admin_ads.TestAdminGrant" name="test_grant_unknown_user_404" time="0.041" /><testcase classname="backend.tests.test_phase4_admin_ads.TestAdminGrant" name="test_grant_nothing_returns_400" time="0.043" /><testcase classname="backend.tests.test_phase4_admin_ads.TestAdminGrant" name="test_non_admin_cannot_grant" time="0.043" /><testcase classname="backend.tests.test_phase4_admin_ads.TestAdminBan" name="test_ban_then_login_blocked_then_unban" time="1.271" /><testcase classname="backend.tests.test_phase4_admin_ads.TestAdminBan" name="test_cannot_ban_admin" time="0.038" /><testcase classname="backend.tests.test_phase4_admin_ads.TestAdminBan" name="test_ban_unknown_user_404" time="0.039" /><testcase classname="backend.tests.test_phase4_admin_ads.TestAdminBan" name="test_non_admin_cannot_ban" time="0.453" /><testcase classname="backend.tests.test_phase4_admin_ads.TestWatchAd" name="test_watch_ad_awards_then_rate_limited" time="0.378" /><testcase classname="backend.tests.test_phase4_admin_ads.TestWatchAd" name="test_watch_ad_requires_auth" time="0.047" /><testcase classname="backend.tests.test_phase4_admin_ads.TestRegression" name="test_demo_login_still_works" time="0.000" /><testcase classname="backend.tests.test_phase4_admin_ads.TestRegression" name="test_quiz_submit_regression" time="0.102" /><testcase classname="backend.tests.test_phase4_admin_ads.TestRegression" name="test_missions_regression" time="0.079" /><testcase classname="backend.tests.test_phase4_admin_ads.TestRegression" name="test_chat_messages_regression" time="0.045" /><testcase classname="backend.tests.test_phase4_admin_ads.TestRegression" name="test_leaderboard_regression" time="0.037" /><testcase classname="backend.tests.test_phase4_admin_ads.TestRegression" name="test_spin_regression" time="0.370" /></testsuite></testsuites>