<?xml version="1.0" encoding="utf-8"?><testsuites name="pytest tests"><testsuite name="pytest" errors="0" failures="0" skipped="0" tests="19" time="2.906" timestamp="2026-05-16T12:11:18.392682+00:00" hostname="agent-env-1bee4179-4134-4e04-b303-c6f14a709463"><testcase classname="backend.tests.test_phase2.TestTap" name="test_tap_submit_awards_and_new_best" time="1.111" /><testcase classname="backend.tests.test_phase2.TestTap" name="test_tap_submit_not_new_best_when_lower" time="0.077" /><testcase classname="backend.tests.test_phase2.TestTap" name="test_tap_anti_cheat_clamp" time="0.036" /><testcase classname="backend.tests.test_phase2.TestTap" name="test_tap_requires_auth" time="0.077" /><testcase classname="backend.tests.test_phase2.TestMissions" name="test_missions_list_returns_four" time="0.336" /><testcase classname="backend.tests.test_phase2.TestMissions" name="test_quiz_submit_increments_play_quiz_3" time="0.149" /><testcase classname="backend.tests.test_phase2.TestMissions" name="test_daily_claim_sets_mission" time="0.113" /><testcase classname="backend.tests.test_phase2.TestMissions" name="test_tap_submit_sets_tap_100" time="0.213" /><testcase classname="backend.tests.test_phase2.TestMissions" name="test_claim_incomplete_returns_400" time="0.041" /><testcase classname="backend.tests.test_phase2.TestMissions" name="test_claim_unknown_key_404" time="0.035" /><testcase classname="backend.tests.test_phase2.TestMissions" name="test_claim_daily_complete_then_double_claim" time="0.147" /><testcase classname="backend.tests.test_phase2.TestMissions" name="test_claim_tap_100_when_complete" time="0.118" /><testcase classname="backend.tests.test_phase2.TestChat" name="test_get_chat_requires_auth" time="0.041" /><testcase classname="backend.tests.test_phase2.TestChat" name="test_get_chat_sorted_oldest_first" time="0.030" /><testcase classname="backend.tests.test_phase2.TestChat" name="test_send_chat_message_persists" time="0.073" /><testcase classname="backend.tests.test_phase2.TestChat" name="test_send_empty_chat_returns_422" time="0.038" /><testcase classname="backend.tests.test_phase2.TestLeaderboardWindows" name="test_weekly_contains_recent_earner" time="0.074" /><testcase classname="backend.tests.test_phase2.TestLeaderboardWindows" name="test_monthly_returns_list" time="0.032" /><testcase classname="backend.tests.test_phase2.TestLeaderboardWindows" name="test_all_still_uses_user_xp" time="0.032" /></testsuite></testsuites>