<?xml version="1.0" encoding="utf-8"?><testsuites name="pytest tests"><testsuite name="pytest" errors="0" failures="0" skipped="0" tests="21" time="2.986" timestamp="2026-05-16T11:15:08.366007+00:00" hostname="agent-env-1bee4179-4134-4e04-b303-c6f14a709463"><testcase classname="backend.tests.backend_test" name="test_root" time="0.120" /><testcase classname="backend.tests.backend_test.TestAuth" name="test_register_returns_token_and_user" time="0.294" /><testcase classname="backend.tests.backend_test.TestAuth" name="test_register_duplicate_email" time="0.079" /><testcase classname="backend.tests.backend_test.TestAuth" name="test_register_duplicate_username" time="0.030" /><testcase classname="backend.tests.backend_test.TestAuth" name="test_login_demo" time="0.260" /><testcase classname="backend.tests.backend_test.TestAuth" name="test_login_wrong_password" time="0.385" /><testcase classname="backend.tests.backend_test.TestAuth" name="test_me_with_token" time="0.070" /><testcase classname="backend.tests.backend_test.TestAuth" name="test_me_without_token" time="0.030" /><testcase classname="backend.tests.backend_test.TestAuth" name="test_me_invalid_token" time="0.029" /><testcase classname="backend.tests.backend_test.TestAuth" name="test_forgot_password" time="0.073" /><testcase classname="backend.tests.backend_test.TestAuth" name="test_logout_authenticated" time="0.030" /><testcase classname="backend.tests.backend_test.TestProfile" name="test_update_username" time="0.196" /><testcase classname="backend.tests.backend_test.TestProfile" name="test_update_username_duplicate" time="0.079" /><testcase classname="backend.tests.backend_test.TestRewards" name="test_daily_claim_first_then_duplicate" time="0.110" /><testcase classname="backend.tests.backend_test.TestQuiz" name="test_quiz_questions_no_correct_index" time="0.208" /><testcase classname="backend.tests.backend_test.TestQuiz" name="test_quiz_submit_correct_vs_wrong" time="0.155" /><testcase classname="backend.tests.backend_test.TestQuiz" name="test_quiz_submit_invalid_question" time="0.070" /><testcase classname="backend.tests.backend_test.TestSpin" name="test_spin_then_rate_limited" time="0.562" /><testcase classname="backend.tests.backend_test.TestLeaderboard" name="test_leaderboard[all]" time="0.029" /><testcase classname="backend.tests.backend_test.TestLeaderboard" name="test_leaderboard[weekly]" time="0.074" /><testcase classname="backend.tests.backend_test.TestLeaderboard" name="test_leaderboard[monthly]" time="0.032" /></testsuite></testsuites>